            --------------------------------------------------------
                             AMBER SQM VERSION 1.4
 
                                     By
              Ross C. Walker, Michael F. Crowley, Scott Brozell,
                Tim Giese, Andreas W. Goetz and David A. Case
 
            --------------------------------------------------------
 

--------------------------------------------------------------------------------
  QM CALCULATION INFO
--------------------------------------------------------------------------------

| QMMM: Citation for AMBER QMMM Run:
| QMMM: R.C. Walker, M.F. Crowley and D.A. Case, J. COMP. CHEM. 29:1019, 2008

QMMM: SINGLET STATE CALCULATION
QMMM: RHF CALCULATION, NO. OF DOUBLY OCCUPIED LEVELS = 92

| QMMM: *** Selected Hamiltonian *** 
| QMMM: AM1         

| QMMM: *** Parameter sets in use ***
| QMMM: C : M.J.S.DEWAR et al. JACS, 107, 3902, (1985)
| QMMM: O : M.J.S.DEWAR et al. JACS, 107, 3902, (1985)
| QMMM: N : M.J.S.DEWAR et al. JACS, 107, 3902, (1985)
| QMMM: H : M.J.S.DEWAR et al. JACS, 107, 3902, (1985)

| QMMM: *** SCF convergence criteria ***
| QMMM: Energy change                :  0.1D-09 kcal/mol
| QMMM: Error matrix |FP-PF|         :  0.1D+00 au
| QMMM: Density matrix change        :  0.1D-09
| QMMM: Maximum number of SCF cycles :     1000

| QMMM: *** Diagonalization Routine Information ***
| QMMM: Pseudo diagonalizations are allowed.
| QMMM: Auto diagonalization routine selection is disabled.
| QMMM: Using internal diagonalization routine (diag_routine=1).

  QMMM: QM Region Cartesian Coordinates (*=link atom) 
  QMMM: QM_NO.   MM_NO.  ATOM         X         Y         Z
  QMMM:     1        1      C      143.0110   95.8600    0.1740
  QMMM:     2        2      C      144.2250   96.6000    0.7400
  QMMM:     3        3      O      144.3880   96.7110    1.9400
  QMMM:     4        4      N      145.1510   97.0620   -0.1470
  QMMM:     5        5      C      144.7880   97.9840   -1.2380
  QMMM:     6        6      C      146.5560   97.3940    0.1650
  QMMM:     7        7      C      145.7340   99.2080   -1.1280
  QMMM:     8        8      C      147.2030   96.7930    1.4080
  QMMM:     9        9      C      146.6290   98.9230    0.0910
  QMMM:    10       10      C      146.5950   99.3750   -2.3590
  QMMM:    11       11      N      145.0930  100.5260   -1.1100
  QMMM:    12       12      O      147.3610   97.4730    2.4030
  QMMM:    13       13      N      147.6310   95.5000    1.4730
  QMMM:    14       14      N      146.4670  100.6500   -2.7920
  QMMM:    15       15      O      147.3060   98.5290   -2.8640
  QMMM:    16       16      C      145.5610  101.3500   -2.0720
  QMMM:    17       17      C      144.0470  100.8040   -0.1030
  QMMM:    18       18      C      147.6000   94.3180    0.5630
  QMMM:    19       19      C      147.3160  101.2470   -3.8340
  QMMM:    20       20      O      145.2330  102.5060   -2.2650
  QMMM:    21       21      C      144.0320  102.2320    0.3980
  QMMM:    22       22      C      148.5390  101.8560   -3.1750
  QMMM:    23       23      O      145.1780  102.5550    1.0540
  QMMM:    24       24      O      143.1260  103.0000    0.1360
  QMMM:    25       25      C      148.6110  103.1720   -2.9450
  QMMM:    26       26      C      149.5590  101.0800   -2.7860
  QMMM:    27       27      C      145.4890  103.8950    1.5500
  QMMM:    28       28      C      149.6770  103.6980   -2.3370
  QMMM:    29       29      C      150.6220  101.6020   -2.1750
  QMMM:    30       30      C      145.5890  104.9020    0.3740
  QMMM:    31       31      C      146.8740  103.7890    2.2280
  QMMM:    32       32      C      144.4440  104.3440    2.6030
  QMMM:    33       33      C      150.6820  102.9140   -1.9500
  QMMM:    34       34      H      151.5490  103.3360   -1.4500
  QMMM:    35       35      H      144.2750  103.5560    3.3420
  QMMM:    36       36      H      143.4870  104.5910    2.1410
  QMMM:    37       37      H      144.7940  105.2330    3.1350
  QMMM:    38       38      H      147.6430  103.5090    1.5030
  QMMM:    39       39      H      146.8650  103.0420    3.0240
  QMMM:    40       40      H      147.1600  104.7490    2.6650
  QMMM:    41       41      H      146.2570  104.5220   -0.4020
  QMMM:    42       42      H      145.9890  105.8590    0.7210
  QMMM:    43       43      H      144.6140  105.0940   -0.0760
  QMMM:    44       44      H      151.4380  100.9580   -1.8600
  QMMM:    45       45      H      149.7280  104.7670   -2.1500
  QMMM:    46       46      H      149.5260  100.0100   -2.9630
  QMMM:    47       47      H      147.7960  103.8230   -3.2510
  QMMM:    48       48      H      146.7470  102.0120   -4.3700
  QMMM:    49       49      H      147.6160  100.4810   -4.5550
  QMMM:    50       50      H      146.6900   93.7770    0.8320
  QMMM:    51       51      H      144.1770  100.1570    0.7690
  QMMM:    52       52      H      143.0700  100.6020   -0.5490
  QMMM:    53       53      H      146.2140   99.3690    0.9980
  QMMM:    54       54      H      147.6520   99.2870   -0.0400
  QMMM:    55       55      H      147.1610   97.0550   -0.6670
  QMMM:    56       56      H      143.7630   98.3260   -1.1210
  QMMM:    57       57      H      144.9000   97.4740   -2.1980
  QMMM:    58       58      H      143.3850   95.3480   -0.7100
  QMMM:    59       59      C      148.2580   95.1740    2.7370
  QMMM:    60       60      H      148.5770   94.1320    2.7270
  QMMM:    61       61      H      149.1240   95.8180    2.8890
  QMMM:    62       62      H      147.5440   95.3280    3.5460
  QMMM:    63       63      H      142.6260   95.1430    0.8990
  QMMM:    64       64      H      142.2320   96.5700   -0.1030
  QMMM:    65       65      H      148.4780   93.6920    0.7190
  QMMM:    66       66      H      147.5510   94.6440   -0.4760

--------------------------------------------------------------------------------
  RESULTS
--------------------------------------------------------------------------------

      iter         sqm energy              rms gradient
      ----    -------------------    -----------------------
xmin    10     -155.6413 kcal/mol        0.3767 kcal/(mol*A)
xmin    20     -158.6220 kcal/mol        0.8894 kcal/(mol*A)
xmin    30     -160.7141 kcal/mol        0.8881 kcal/(mol*A)
xmin    40     -164.5435 kcal/mol        0.5737 kcal/(mol*A)
xmin    50     -165.2774 kcal/mol        0.6193 kcal/(mol*A)
xmin    60     -167.5286 kcal/mol        0.8449 kcal/(mol*A)
xmin    70     -167.8736 kcal/mol        0.0491 kcal/(mol*A)
xmin    80     -167.8843 kcal/mol        0.0025 kcal/(mol*A)
  ... geometry converged !

 Heat of formation   =       -167.88429640 kcal/mol  (       -7.28000938 eV)
 Total SCF energy    =    -144431.39703394 kcal/mol  (    -6263.01535206 eV)
 Electronic energy   =   -1352936.40304191 kcal/mol  (   -58667.72486197 eV)
 Core-core repulsion =    1208505.00600798 kcal/mol  (    52404.70950991 eV)
 
    Atomic Charges for Step       1 :
  Atom    Element       Mulliken Charge
     1      C                 -0.238
     2      C                  0.312
     3      O                 -0.366
     4      N                 -0.313
     5      C                 -0.023
     6      C                  0.007
     7      C                  0.038
     8      C                  0.304
     9      C                 -0.177
    10      C                  0.306
    11      N                 -0.302
    12      O                 -0.396
    13      N                 -0.320
    14      N                 -0.332
    15      O                 -0.309
    16      C                  0.399
    17      C                 -0.024
    18      C                 -0.092
    19      C                  0.034
    20      O                 -0.324
    21      C                  0.291
    22      C                 -0.120
    23      O                 -0.291
    24      O                 -0.348
    25      C                 -0.105
    26      C                 -0.112
    27      C                  0.103
    28      C                 -0.136
    29      C                 -0.136
    30      C                 -0.241
    31      C                 -0.213
    32      C                 -0.241
    33      C                 -0.120
    34      H                  0.132
    35      H                  0.083
    36      H                  0.111
    37      H                  0.083
    38      H                  0.091
    39      H                  0.081
    40      H                  0.086
    41      H                  0.090
    42      H                  0.082
    43      H                  0.110
    44      H                  0.134
    45      H                  0.134
    46      H                  0.150
    47      H                  0.142
    48      H                  0.123
    49      H                  0.111
    50      H                  0.090
    51      H                  0.177
    52      H                  0.144
    53      H                  0.146
    54      H                  0.118
    55      H                  0.137
    56      H                  0.121
    57      H                  0.104
    58      H                  0.110
    59      C                 -0.081
    60      H                  0.072
    61      H                  0.119
    62      H                  0.073
    63      H                  0.120
    64      H                  0.104
    65      H                  0.067
    66      H                  0.119
 Total Mulliken Charge =      -0.000
 
 Final Structure

  QMMM: QM Region Cartesian Coordinates (*=link atom) 
  QMMM: QM_NO.   MM_NO.  ATOM         X         Y         Z
  QMMM:     1        1      C      144.9656   95.0737   -2.1282
  QMMM:     2        2      C      145.7267   95.5976   -0.9384
  QMMM:     3        3      O      146.5410   94.8815   -0.3234
  QMMM:     4        4      N      145.4565   96.8902   -0.4879
  QMMM:     5        5      C      144.8216   97.8839   -1.3281
  QMMM:     6        6      C      146.2967   97.5244    0.5202
  QMMM:     7        7      C      145.5800   99.2394   -1.1132
  QMMM:     8        8      C      145.5927   97.5112    1.8997
  QMMM:     9        9      C      146.5170   98.9923    0.0874
  QMMM:    10       10      C      146.4293   99.5508   -2.3912
  QMMM:    11       11      N      144.6615  100.3830   -1.0328
  QMMM:    12       12      O      144.6032   98.2516    2.0912
  QMMM:    13       13      N      146.0770   96.7104    2.9119
  QMMM:    14       14      N      145.9954  100.7857   -2.8951
  QMMM:    15       15      O      147.2968   98.8252   -2.8825
  QMMM:    16       16      C      144.9776  101.3294   -2.0490
  QMMM:    17       17      C      143.9812  100.7647    0.1625
  QMMM:    18       18      C      147.1758   95.8044    2.7271
  QMMM:    19       19      C      146.5620  101.4960   -4.0106
  QMMM:    20       20      O      144.4093  102.4161   -2.2332
  QMMM:    21       21      C      144.5952  101.8206    1.0697
  QMMM:    22       22      C      147.8288  102.2442   -3.7094
  QMMM:    23       23      O      145.9485  101.9206    1.0021
  QMMM:    24       24      O      143.9477  102.5236    1.8464
  QMMM:    25       25      C      147.8082  103.6351   -3.5717
  QMMM:    26       26      C      149.0390  101.5510   -3.5991
  QMMM:    27       27      C      146.6643  102.8914    1.8123
  QMMM:    28       28      C      148.9953  104.3293   -3.3390
  QMMM:    29       29      C      150.2228  102.2483   -3.3647
  QMMM:    30       30      C      146.2206  104.3038    1.4715
  QMMM:    31       31      C      148.1198  102.6767    1.4019
  QMMM:    32       32      C      146.4802  102.5874    3.2898
  QMMM:    33       33      C      150.2022  103.6377   -3.2370
  QMMM:    34       34      H      151.1375  104.1872   -3.0555
  QMMM:    35       35      H      146.7163  101.5158    3.4933
  QMMM:    36       36      H      145.4270  102.7892    3.6023
  QMMM:    37       37      H      147.1662  103.2317    3.8891
  QMMM:    38       38      H      148.2511  102.8998    0.3169
  QMMM:    39       39      H      148.4198  101.6187    1.5894
  QMMM:    40       40      H      148.7712  103.3564    1.9997
  QMMM:    41       41      H      146.2486  104.4584    0.3665
  QMMM:    42       42      H      146.9073  105.0354    1.9594
  QMMM:    43       43      H      145.1797  104.4851    1.8336
  QMMM:    44       44      H      151.1734  101.7015   -3.2816
  QMMM:    45       45      H      148.9773  105.4241   -3.2351
  QMMM:    46       46      H      149.0471  100.4525   -3.6944
  QMMM:    47       47      H      146.8549  104.1814   -3.6443
  QMMM:    48       48      H      145.7762  102.2168   -4.3834
  QMMM:    49       49      H      146.7760  100.7332   -4.8164
  QMMM:    50       50      H      147.2493   95.1155    3.6102
  QMMM:    51       51      H      143.8313   99.8412    0.8035
  QMMM:    52       52      H      142.9743  101.1808   -0.1449
  QMMM:    53       53      H      146.3017   99.6962    0.9321
  QMMM:    54       54      H      147.5825   99.1346   -0.2234
  QMMM:    55       55      H      147.2901   96.9902    0.5725
  QMMM:    56       56      H      143.7444   97.9828   -1.0145
  QMMM:    57       57      H      144.8609   97.5931   -2.4127
  QMMM:    58       58      H      145.4074   95.4913   -3.0664
  QMMM:    59       59      C      145.4422   96.7109    4.2032
  QMMM:    60       60      H      146.2064   96.9270    4.9973
  QMMM:    61       61      H      144.6375   97.4925    4.2459
  QMMM:    62       62      H      144.9841   95.7055    4.4064
  QMMM:    63       63      H      145.0624   93.9602   -2.1489
  QMMM:    64       64      H      143.8842   95.3457   -2.0763
  QMMM:    65       65      H      148.1411   96.3738    2.6423
  QMMM:    66       66      H      147.0340   95.1809    1.8014

           --------- Calculation Completed ----------

