Building from file EPR1.mol2 ...
>> antechamber -i EPR1.mol2 -fi mol2 -o EPR1.preedit.mol2 -fo mol2 -at gaff -nc 0 -j 5 -c bcc


Total number of electrons: 190; net charge: 0

Running: /home/tud67309/local/amber11/bin/sqm -O -i sqm.in -o sqm.out


Changing C15     charge from     0.6711 to     0.0000
Changing C16     charge from    -0.1711 to     0.0000
Changing O4      charge from    -0.5851 to     0.0000
Changing H161    charge from     0.0817 to     0.0000
Changing H162    charge from     0.0687 to     0.0000
Changing H163    charge from     0.0597 to     0.0000
Changing N3      charge from    -0.4758 to     0.0000
Changing C17     charge from     0.0743 to     0.0000
Changing H171    charge from     0.0837 to     0.0000
Changing H172    charge from     0.0347 to     0.0000
Changing H173    charge from     0.0347 to     0.0000
Changing C18     charge from     0.0793 to     0.0000
Changing H181    charge from     0.0327 to     0.0000
Changing H182    charge from     0.0577 to     0.0000
Changing H183    charge from     0.0367 to     0.0000
net charge after zeroing capped residues:-0.084000
included_indices [2, 4, 5, 6, 7, 9, 10, 12, 13, 15, 16, 17, 18, 19, 20, 21, 22, 23, 24, 25, 26, 27, 28, 29, 30, 31, 32, 33, 36, 37, 38, 43, 47]
excluded_indices [0, 1, 3, 8, 11, 14, 34, 35, 39, 40, 41, 42, 44, 45, 46]
total_included_charge -0.084
net charge after shifting to net charge:-0.000000
Writing to EPR1.edited.mol2
...Done.
*** Make sure the @<TRIPOS>MOLECULE header is correct -- MUST CHANGE THIS BY HAND!! ****    
@<TRIPOS>MOLECULE
EPR1.pdb
   48    50     1     0     0
SMALL
bcc
@<TRIPOS>ATOM
      1 C17       115.9320   78.0920    0.0820 c3        1 NIL      0.000000 
      2 N3        115.1880   79.3230   -0.3000 n         1 NIL      0.000000 
      3 C         114.2520   79.8640    0.5370 c         1 NIL      0.633645 
      4 C18       115.4290   79.8040   -1.6910 c3        1 NIL      0.000000 
      5 C1        113.2750   80.9040   -0.0160 c3        1 NIL      0.043245 
      6 O         114.1620   79.5100    1.6990 o         1 NIL     -0.606555 
      7 C2        113.6970   82.3220    0.4230 c3        1 NIL     -0.073855 
      8 N         111.8790   80.7000    0.4290 n         1 NIL     -0.462255 
      9 C16       111.7420   78.4190   -0.4990 c3        1 NIL      0.000000 
     10 C3        112.3680   83.0570    0.6310 c3        1 NIL      0.004945 
     11 C4        111.3730   81.9500    1.0130 c3        1 NIL      0.081545 
     12 C15       111.1230   79.5760    0.2770 c         1 NIL      0.000000 
     13 C5        111.9310   83.8090   -0.6050 c         1 NIL      0.708045 
     14 N1        112.4180   84.1630    1.5700 n         1 NIL     -0.536355 
     15 O4        109.9950   79.5140    0.7280 o         1 NIL      0.000000 
     16 N2        111.7870   85.1170   -0.2820 n         1 NIL     -0.501855 
     17 O1        111.7280   83.3300   -1.7050 o         1 NIL     -0.576955 
     18 C6        112.0610   85.3400    1.0300 c         1 NIL      0.798045 
     19 C7        111.3180   86.1220   -1.2590 c3        1 NIL      0.157845 
     20 O3        111.9970   86.3880    1.6400 o         1 NIL     -0.601955 
     21 C8        111.4600   87.5910   -0.9110 ca        1 NIL     -0.127755 
     22 C9        112.6120   88.2360   -1.1140 ca        1 NIL     -0.109455 
     23 C13       110.4330   88.2630   -0.3830 ca        1 NIL     -0.102455 
     24 C10       112.7380   89.5260   -0.7950 ca        1 NIL     -0.134455 
     25 C12       110.5570   89.5510   -0.0600 ca        1 NIL     -0.133455 
     26 C11       111.7080   90.1990   -0.2610 ca        1 NIL     -0.117455 
     27 H121      109.7070   90.0760    0.3720 ha        1 NIL      0.136545 
     28 H101      113.6970   90.0060   -0.9750 ha        1 NIL      0.135545 
     29 H131      109.4870   87.7580   -0.2070 ha        1 NIL      0.146545 
     30 H91       113.4630   87.7100   -1.5400 ha        1 NIL      0.151545 
     31 H71       110.2620   85.9120   -1.4530 h1        1 NIL      0.086245 
     32 H72       111.8520   85.9440   -2.1970 h1        1 NIL      0.076245 
     33 H41       111.3410   81.8380    2.1000 h1        1 NIL      0.086245 
     34 H42       110.3720   82.1790    0.6380 h1        1 NIL      0.084245 
     35 H163      112.0440   78.8080   -1.4740 hc        1 NIL      0.000000 
     36 H162      112.6430   78.0990    0.0220 hc        1 NIL      0.000000 
     37 H21       114.2440   82.2810    1.3700 hc        1 NIL      0.089245 
     38 H22       114.3340   82.8080   -0.3190 hc        1 NIL      0.088245 
     39 H1        113.2450   80.8540   -1.1060 h1        1 NIL      0.083245 
     40 H183      115.1790   80.8660   -1.7570 h1        1 NIL      0.000000 
     41 H181      114.7380   79.2670   -2.3450 h1        1 NIL      0.000000 
     42 H171      115.7650   77.8470    1.1330 h1        1 NIL      0.000000 
     43 H173      117.0000   78.2720   -0.0330 h1        1 NIL      0.000000 
     44 HN1       112.6610   84.0390    2.5420 hn        1 NIL      0.360045 
     45 H172      115.6240   77.2590   -0.5490 h1        1 NIL      0.000000 
     46 H182      116.4630   79.6290   -1.9900 h1        1 NIL      0.000000 
     47 H161      111.0360   77.5950   -0.6060 hc        1 NIL      0.000000 
     48 H111      111.8070   91.2420    0.0010 ha        1 NIL      0.133545 
@<TRIPOS>BOND
     1   13   17 2   
     2   13   10 1   
     3   13   16 1   
     4    5    7 1   
     5    5    8 1   
     6    5    3 1   
     7    5   39 1   
     8   24   22 ar  
     9   24   26 ar  
    10   24   28 1   
    11   26   25 ar  
    12   26   48 1   
    13   25   23 ar  
    14   25   27 1   
    15   23   21 ar  
    16   23   29 1   
    17   12   15 2   
    18   12    8 1   
    19   12    9 1   
    20    9   47 1   
    21    9   35 1   
    22    9   36 1   
    23    1   43 1   
    24    1   42 1   
    25    1    2 1   
    26    1   45 1   
    27    4   46 1   
    28    4    2 1   
    29    4   40 1   
    30    4   41 1   
    31    7   10 1   
    32    7   37 1   
    33    7   38 1   
    34   10   11 1   
    35   10   14 1   
    36   11    8 1   
    37   11   33 1   
    38   11   34 1   
    39    3    6 2   
    40    3    2 1   
    41   18   14 1   
    42   18   16 1   
    43   18   20 2   
    44   19   16 1   
    45   19   21 1   
    46   19   31 1   
    47   19   32 1   
    48   21   22 ar  
    49   22   30 1   
    50   44   14 1   
@<TRIPOS>SUBSTRUCTURE
     1 NIL         1 TEMP              0 ****  ****    0 ROOT

>> parmchk -i EPR1.edited.mol2 -f mol2 -o EPR1.edited.mol2.frcmod -p $AMBERHOME/dat/leap/parm/gaff.dat
### THE leapscript ###
modsEPR1 = loadAmberParams EPR1.edited.mol2.frcmod
modsDLM = loadAmberParams dlm_edit.frcmod
source leaprc.ff99SB

EPR1 = loadMol2 EPR1.edited.mol2

# Delete N-terminal acetyl and C-terminal dimethyl amine group
remove EPR1 EPR1.1.12  # C15
remove EPR1 EPR1.1.9  # C16
remove EPR1 EPR1.1.15  # O4
remove EPR1 EPR1.1.47  # H161
remove EPR1 EPR1.1.36  # H162
remove EPR1 EPR1.1.35  # H163
remove EPR1 EPR1.1.2  # N3
remove EPR1 EPR1.1.1  # C17
remove EPR1 EPR1.1.42  # H171
remove EPR1 EPR1.1.45  # H172
remove EPR1 EPR1.1.43  # H173
remove EPR1 EPR1.1.4  # C18
remove EPR1 EPR1.1.41  # H181
remove EPR1 EPR1.1.46  # H182
remove EPR1 EPR1.1.40  # H183

# Should still be net neutral -- all removed atoms shoulve have had charge 0.0

set EPR1 name "EPR1"
set EPR1.1 name "EPR1"

# Define head atom
set EPR1 head EPR1.1.8
set EPR1.1 connect0 EPR1.1.8

# Define tail atom
set EPR1 tail EPR1.1.3
set EPR1.1 connect1 EPR1.1.3

savepdb EPR1 EPR1.pdb


# Make a list of info needed for the library
# This is necessary in order to make sure the parameter modifications are stored to the off file.
myresidue = { EPR1 modsEPR1 modsDLM }
saveoff myresidue EPR1.off

quit

### -------------- ###
-I: Adding /home/tud67309/local/amber11/dat/leap/prep to search path.
-I: Adding /home/tud67309/local/amber11/dat/leap/lib to search path.
-I: Adding /home/tud67309/local/amber11/dat/leap/parm to search path.
-I: Adding /home/tud67309/local/amber11/dat/leap/cmd to search path.
-f: Source /tmp/tmpWkWvUb.

Welcome to LEaP!
(no leaprc in search path)
Sourcing: /tmp/tmpWkWvUb
Loading parameters: ./EPR1.edited.mol2.frcmod
Reading force field modification type file (frcmod)
Reading title:
remark goes here
Loading parameters: ./dlm_edit.frcmod
Reading force field modification type file (frcmod)
Reading title:
remark goes here - Originally created by DLM, VAV edited to mix-n-match AMBER (uppercase) and GAFF (lowercase) atomtypes
No mass defined for non-bond atom type: CA - skipping
No mass defined for non-bond atom type: C - skipping
No mass defined for non-bond atom type: CT - skipping
No mass defined for non-bond atom type: O - skipping
No mass defined for non-bond atom type: HA - skipping
No mass defined for non-bond atom type: HC - skipping
----- Source: /home/tud67309/local/amber11/dat/leap/cmd/leaprc.ff99SB
----- Source of /home/tud67309/local/amber11/dat/leap/cmd/leaprc.ff99SB done
Log file: ./leap.log
Loading parameters: /home/tud67309/local/amber11/dat/leap/parm/parm99.dat
Reading title:
PARM99 for DNA,RNA,AA, organic molecules, TIP3P wat. Polariz.& LP incl.02/04/99
Loading parameters: /home/tud67309/local/amber11/dat/leap/parm/frcmod.ff99SB
Reading force field modification type file (frcmod)
Reading title:
Modification/update of parm99.dat (Hornak & Simmerling)
Loading library: /home/tud67309/local/amber11/dat/leap/lib/all_nucleic94.lib
Loading library: /home/tud67309/local/amber11/dat/leap/lib/all_amino94.lib
Loading library: /home/tud67309/local/amber11/dat/leap/lib/all_aminoct94.lib
Loading library: /home/tud67309/local/amber11/dat/leap/lib/all_aminont94.lib
Loading library: /home/tud67309/local/amber11/dat/leap/lib/ions94.lib
Loading library: /home/tud67309/local/amber11/dat/leap/lib/solvents.lib
Loading Mol2 file: ./EPR1.edited.mol2
Reading MOLECULE named EPR1.pdb
Writing pdb file: EPR1.pdb
 Truncating residue name for PDB format: EPR1 -> EPR
Building topology.
Building atom parameters.
	Quit
