            --------------------------------------------------------
                             AMBER SQM VERSION 1.4
 
                                     By
              Ross C. Walker, Michael F. Crowley, Scott Brozell,
                Tim Giese, Andreas W. Goetz and David A. Case
 
            --------------------------------------------------------
 

--------------------------------------------------------------------------------
  QM CALCULATION INFO
--------------------------------------------------------------------------------

| QMMM: Citation for AMBER QMMM Run:
| QMMM: R.C. Walker, M.F. Crowley and D.A. Case, J. COMP. CHEM. 29:1019, 2008

QMMM: SINGLET STATE CALCULATION
QMMM: RHF CALCULATION, NO. OF DOUBLY OCCUPIED LEVELS = 69

| QMMM: *** Selected Hamiltonian *** 
| QMMM: AM1         

| QMMM: *** Parameter sets in use ***
| QMMM: C : M.J.S.DEWAR et al. JACS, 107, 3902, (1985)
| QMMM: N : M.J.S.DEWAR et al. JACS, 107, 3902, (1985)
| QMMM: O : M.J.S.DEWAR et al. JACS, 107, 3902, (1985)
| QMMM: H : M.J.S.DEWAR et al. JACS, 107, 3902, (1985)

| QMMM: *** SCF convergence criteria ***
| QMMM: Energy change                :  0.1D-09 kcal/mol
| QMMM: Error matrix |FP-PF|         :  0.1D+00 au
| QMMM: Density matrix change        :  0.1D-09
| QMMM: Maximum number of SCF cycles :     1000

| QMMM: *** Diagonalization Routine Information ***
| QMMM: Pseudo diagonalizations are allowed.
| QMMM: Auto diagonalization routine selection is disabled.
| QMMM: Using internal diagonalization routine (diag_routine=1).

  QMMM: QM Region Cartesian Coordinates (*=link atom) 
  QMMM: QM_NO.   MM_NO.  ATOM         X         Y         Z
  QMMM:     1        1      C      115.9320   78.0920    0.0820
  QMMM:     2        2      N      115.1880   79.3230   -0.3000
  QMMM:     3        3      C      114.2520   79.8640    0.5370
  QMMM:     4        4      C      115.4290   79.8040   -1.6910
  QMMM:     5        5      C      113.2750   80.9040   -0.0160
  QMMM:     6        6      O      114.1620   79.5100    1.6990
  QMMM:     7        7      C      113.6970   82.3220    0.4230
  QMMM:     8        8      N      111.8790   80.7000    0.4290
  QMMM:     9        9      C      111.7420   78.4190   -0.4990
  QMMM:    10       10      C      112.3680   83.0570    0.6310
  QMMM:    11       11      C      111.3730   81.9500    1.0130
  QMMM:    12       12      C      111.1230   79.5760    0.2770
  QMMM:    13       13      C      111.9310   83.8090   -0.6050
  QMMM:    14       14      N      112.4180   84.1630    1.5700
  QMMM:    15       15      O      109.9950   79.5140    0.7280
  QMMM:    16       16      N      111.7870   85.1170   -0.2820
  QMMM:    17       17      O      111.7280   83.3300   -1.7050
  QMMM:    18       18      C      112.0610   85.3400    1.0300
  QMMM:    19       19      C      111.3180   86.1220   -1.2590
  QMMM:    20       20      O      111.9970   86.3880    1.6400
  QMMM:    21       21      C      111.4600   87.5910   -0.9110
  QMMM:    22       22      C      112.6120   88.2360   -1.1140
  QMMM:    23       23      C      110.4330   88.2630   -0.3830
  QMMM:    24       24      C      112.7380   89.5260   -0.7950
  QMMM:    25       25      C      110.5570   89.5510   -0.0600
  QMMM:    26       26      C      111.7080   90.1990   -0.2610
  QMMM:    27       27      H      109.7070   90.0760    0.3720
  QMMM:    28       28      H      113.6970   90.0060   -0.9750
  QMMM:    29       29      H      109.4870   87.7580   -0.2070
  QMMM:    30       30      H      113.4630   87.7100   -1.5400
  QMMM:    31       31      H      110.2620   85.9120   -1.4530
  QMMM:    32       32      H      111.8520   85.9440   -2.1970
  QMMM:    33       33      H      111.3410   81.8380    2.1000
  QMMM:    34       34      H      110.3720   82.1790    0.6380
  QMMM:    35       35      H      112.0440   78.8080   -1.4740
  QMMM:    36       36      H      112.6430   78.0990    0.0220
  QMMM:    37       37      H      114.2440   82.2810    1.3700
  QMMM:    38       38      H      114.3340   82.8080   -0.3190
  QMMM:    39       39      H      113.2450   80.8540   -1.1060
  QMMM:    40       40      H      115.1790   80.8660   -1.7570
  QMMM:    41       41      H      114.7380   79.2670   -2.3450
  QMMM:    42       42      H      115.7650   77.8470    1.1330
  QMMM:    43       43      H      117.0000   78.2720   -0.0330
  QMMM:    44       44      H      112.6610   84.0390    2.5420
  QMMM:    45       45      H      115.6240   77.2590   -0.5490
  QMMM:    46       46      H      116.4630   79.6290   -1.9900
  QMMM:    47       47      H      111.0360   77.5950   -0.6060
  QMMM:    48       48      H      111.8070   91.2420    0.0010

--------------------------------------------------------------------------------
  RESULTS
--------------------------------------------------------------------------------

      iter         sqm energy              rms gradient
      ----    -------------------    -----------------------
xmin    10      -71.6589 kcal/mol        1.1854 kcal/(mol*A)
xmin    20      -74.4393 kcal/mol        1.1718 kcal/(mol*A)
xmin    30      -76.9719 kcal/mol        0.6548 kcal/(mol*A)
xmin    40      -78.1459 kcal/mol        0.5769 kcal/(mol*A)
xmin    50      -78.3818 kcal/mol        0.0462 kcal/(mol*A)
xmin    60      -78.3965 kcal/mol        0.0169 kcal/(mol*A)
xmin    70      -78.3969 kcal/mol        0.0013 kcal/(mol*A)
  ... geometry converged !

 Heat of formation   =        -78.39689887 kcal/mol  (       -3.39954464 eV)
 Total SCF energy    =    -108752.36139189 kcal/mol  (    -4715.85626781 eV)
 Electronic energy   =    -836976.95465422 kcal/mol  (   -36294.04425889 eV)
 Core-core repulsion =     728224.59326233 kcal/mol  (    31578.18799108 eV)
 
    Atomic Charges for Step       1 :
  Atom    Element       Mulliken Charge
     1      C                 -0.081
     2      N                 -0.334
     3      C                  0.275
     4      C                 -0.076
     5      C                  0.014
     6      O                 -0.370
     7      C                 -0.155
     8      N                 -0.323
     9      C                 -0.239
    10      C                  0.015
    11      C                 -0.037
    12      C                  0.315
    13      C                  0.313
    14      N                 -0.348
    15      O                 -0.346
    16      N                 -0.333
    17      O                 -0.304
    18      C                  0.386
    19      C                  0.032
    20      O                 -0.329
    21      C                 -0.123
    22      C                 -0.112
    23      C                 -0.105
    24      C                 -0.137
    25      C                 -0.136
    26      C                 -0.120
    27      H                  0.134
    28      H                  0.133
    29      H                  0.144
    30      H                  0.149
    31      H                  0.123
    32      H                  0.113
    33      H                  0.123
    34      H                  0.121
    35      H                  0.099
    36      H                  0.108
    37      H                  0.126
    38      H                  0.125
    39      H                  0.120
    40      H                  0.076
    41      H                  0.072
    42      H                  0.123
    43      H                  0.074
    44      H                  0.271
    45      H                  0.074
    46      H                  0.097
    47      H                  0.121
    48      H                  0.131
 Total Mulliken Charge =      -0.000
 
 Final Structure

  QMMM: QM Region Cartesian Coordinates (*=link atom) 
  QMMM: QM_NO.   MM_NO.  ATOM         X         Y         Z
  QMMM:     1        1      C      116.1179   80.0575    1.4157
  QMMM:     2        2      N      115.2725   80.3448    0.2882
  QMMM:     3        3      C      113.9163   80.5574    0.4623
  QMMM:     4        4      C      115.9045   80.4868   -0.9909
  QMMM:     5        5      C      113.0546   80.8986   -0.7790
  QMMM:     6        6      O      113.4024   80.5015    1.5985
  QMMM:     7        7      C      113.0179   82.4431   -0.8936
  QMMM:     8        8      N      111.6702   80.4738   -0.6766
  QMMM:     9        9      C      112.2664   78.0524   -0.6236
  QMMM:    10       10      C      111.7207   82.8349   -0.1507
  QMMM:    11       11      C      110.7982   81.5904   -0.3533
  QMMM:    12       12      C      111.2659   79.1613   -0.4351
  QMMM:    13       13      C      111.0566   84.1067   -0.7548
  QMMM:    14       14      N      111.9592   83.1996    1.2473
  QMMM:    15       15      O      110.0807   78.9360   -0.1299
  QMMM:    16       16      N      110.7907   84.9781    0.3158
  QMMM:    17       17      O      110.7920   84.2970   -1.9435
  QMMM:    18       18      C      111.3131   84.4244    1.5346
  QMMM:    19       19      C      110.3289   86.3352    0.2006
  QMMM:    20       20      O      111.2252   84.9605    2.6499
  QMMM:    21       21      C      111.3774   87.3335   -0.2001
  QMMM:    22       22      C      111.7479   87.4545   -1.5437
  QMMM:    23       23      C      111.9640   88.1616    0.7611
  QMMM:    24       24      C      112.6905   88.4084   -1.9235
  QMMM:    25       25      C      112.9063   89.1154    0.3768
  QMMM:    26       26      C      113.2685   89.2407   -0.9642
  QMMM:    27       27      H      113.3645   89.7678    1.1345
  QMMM:    28       28      H      112.9774   88.5043   -2.9808
  QMMM:    29       29      H      111.6843   88.0572    1.8211
  QMMM:    30       30      H      111.2938   86.7878   -2.2951
  QMMM:    31       31      H      109.8949   86.6247    1.2026
  QMMM:    32       32      H      109.5065   86.3403   -0.5740
  QMMM:    33       33      H      110.1749   81.3614    0.5542
  QMMM:    34       34      H      110.1104   81.7763   -1.2250
  QMMM:    35       35      H      112.6916   78.0748   -1.6558
  QMMM:    36       36      H      113.0948   78.1563    0.1201
  QMMM:    37       37      H      113.9301   82.9104   -0.4529
  QMMM:    38       38      H      112.9305   82.7501   -1.9663
  QMMM:    39       39      H      113.4954   80.4267   -1.7024
  QMMM:    40       40      H      115.5871   81.4440   -1.4876
  QMMM:    41       41      H      115.6363   79.6255   -1.6620
  QMMM:    42       42      H      115.4987   79.9227    2.3426
  QMMM:    43       43      H      116.8416   80.9007    1.5810
  QMMM:    44       44      H      112.0272   82.4838    1.9351
  QMMM:    45       45      H      116.6976   79.1158    1.2202
  QMMM:    46       46      H      117.0198   80.5050   -0.8658
  QMMM:    47       47      H      111.7507   77.0742   -0.4615
  QMMM:    48       48      H      114.0102   89.9948   -1.2655

           --------- Calculation Completed ----------

