Building from file EPR3.mol2 ...
>> antechamber -i EPR3.mol2 -fi mol2 -o EPR3.preedit.mol2 -fo mol2 -at gaff -nc 0 -j 5 -c bcc


Total number of electrons: 252; net charge: 0

Running: /home/tud67309/local/amber11/bin/sqm -O -i sqm.in -o sqm.out


Changing C21     charge from     0.6681 to     0.0000
Changing O5      charge from    -0.6051 to     0.0000
Changing C22     charge from    -0.1701 to     0.0000
Changing H221    charge from     0.0807 to     0.0000
Changing H222    charge from     0.0647 to     0.0000
Changing H223    charge from     0.0707 to     0.0000
Changing N3      charge from    -0.4618 to     0.0000
Changing C23     charge from     0.0633 to     0.0000
Changing H231    charge from     0.0507 to     0.0000
Changing H232    charge from     0.0277 to     0.0000
Changing H233    charge from     0.0797 to     0.0000
Changing C24     charge from     0.0743 to     0.0000
Changing H241    charge from     0.0327 to     0.0000
Changing H242    charge from     0.0797 to     0.0000
Changing H243    charge from     0.0337 to     0.0000
net charge after zeroing capped residues:-0.091000
included_indices [3, 4, 5, 6, 7, 8, 9, 10, 11, 13, 14, 15, 16, 18, 19, 20, 21, 22, 23, 24, 25, 26, 27, 28, 29, 30, 31, 32, 33, 34, 35, 36, 37, 38, 39, 40, 41, 42, 43, 44, 45, 46, 47, 48, 50, 51, 52, 53, 54, 55, 56]
excluded_indices [0, 1, 2, 12, 17, 49, 57, 58, 59, 60, 61, 62, 63, 64, 65]
total_included_charge -0.091
net charge after shifting to net charge:-0.000000
Writing to EPR3.edited.mol2
...Done.
*** Make sure the @<TRIPOS>MOLECULE header is correct -- MUST CHANGE THIS BY HAND!! ****    
@<TRIPOS>MOLECULE
NIL
   66    68     1     0     0
SMALL
bcc
@<TRIPOS>ATOM
      1 C22       143.0110   95.8600    0.1740 c3        1 UNK      0.000000 
      2 C21       144.2250   96.6000    0.7400 c         1 UNK      0.000000 
      3 O5        144.3880   96.7110    1.9400 o         1 UNK      0.000000 
      4 N         145.1510   97.0620   -0.1470 n         1 UNK     -0.453016 
      5 C4        144.7880   97.9840   -1.2380 c3        1 UNK      0.094784 
      6 C1        146.5560   97.3940    0.1650 c3        1 UNK      0.035484 
      7 C3        145.7340   99.2080   -1.1280 c3        1 UNK      0.027184 
      8 C         147.2030   96.7930    1.4080 c         1 UNK      0.661884 
      9 C2        146.6290   98.9230    0.0910 c3        1 UNK     -0.096616 
     10 C6        146.5950   99.3750   -2.3590 c         1 UNK      0.700284 
     11 N1        145.0930  100.5260   -1.1100 n         1 UNK     -0.442016 
     12 O         147.3610   97.4730    2.4030 o         1 UNK     -0.633316 
     13 N3        147.6310   95.5000    1.4730 n         1 UNK      0.000000 
     14 N2        146.4670  100.6500   -2.7920 n         1 UNK     -0.501616 
     15 O1        147.3060   98.5290   -2.8640 o         1 UNK     -0.582716 
     16 C7        145.5610  101.3500   -2.0720 c         1 UNK      0.810284 
     17 C8        144.0470  100.8040   -0.1030 c3        1 UNK      0.043784 
     18 C23       147.6000   94.3180    0.5630 c3        1 UNK      0.000000 
     19 C14       147.3160  101.2470   -3.8340 c3        1 UNK      0.159084 
     20 O2        145.2330  102.5060   -2.2650 o         1 UNK     -0.597716 
     21 C9        144.0320  102.2320    0.3980 c         1 UNK      0.621884 
     22 C15       148.5390  101.8560   -3.1750 ca        1 UNK     -0.125516 
     23 O4        145.1780  102.5550    1.0540 os        1 UNK     -0.451116 
     24 O3        143.1260  103.0000    0.1360 o         1 UNK     -0.535216 
     25 C16       148.6110  103.1720   -2.9450 ca        1 UNK     -0.103216 
     26 C20       149.5590  101.0800   -2.7860 ca        1 UNK     -0.110216 
     27 C10       145.4890  103.8950    1.5500 c3        1 UNK      0.176584 
     28 C17       149.6770  103.6980   -2.3370 ca        1 UNK     -0.134216 
     29 C19       150.6220  101.6020   -2.1750 ca        1 UNK     -0.134216 
     30 C11       145.5890  104.9020    0.3740 c3        1 UNK     -0.121316 
     31 C12       146.8740  103.7890    2.2280 c3        1 UNK     -0.093316 
     32 C13       144.4440  104.3440    2.6030 c3        1 UNK     -0.121316 
     33 C18       150.6820  102.9140   -1.9500 ca        1 UNK     -0.118216 
     34 H181      151.5490  103.3360   -1.4500 ha        1 UNK      0.133784 
     35 H131      144.2750  103.5560    3.3420 hc        1 UNK      0.045484 
     36 H132      143.4870  104.5910    2.1410 hc        1 UNK      0.073484 
     37 H133      144.7940  105.2330    3.1350 hc        1 UNK      0.045484 
     38 H121      147.6430  103.5090    1.5030 hc        1 UNK      0.053484 
     39 H122      146.8650  103.0420    3.0240 hc        1 UNK      0.043484 
     40 H123      147.1600  104.7490    2.6650 hc        1 UNK      0.048484 
     41 H111      146.2570  104.5220   -0.4020 hc        1 UNK      0.052484 
     42 H112      145.9890  105.8590    0.7210 hc        1 UNK      0.044484 
     43 H113      144.6140  105.0940   -0.0760 hc        1 UNK      0.072484 
     44 H191      151.4380  100.9580   -1.8600 ha        1 UNK      0.135784 
     45 H171      149.7280  104.7670   -2.1500 ha        1 UNK      0.135784 
     46 H201      149.5260  100.0100   -2.9630 ha        1 UNK      0.151784 
     47 H161      147.7960  103.8230   -3.2510 ha        1 UNK      0.143784 
     48 H141      146.7470  102.0120   -4.3700 h1        1 UNK      0.085484 
     49 H142      147.6160  100.4810   -4.5550 h1        1 UNK      0.073484 
     50 H231      146.6900   93.7770    0.8320 h1        1 UNK      0.000000 
     51 H81       144.1770  100.1570    0.7690 h1        1 UNK      0.139484 
     52 H82       143.0700  100.6020   -0.5490 h1        1 UNK      0.106484 
     53 H21       146.2140   99.3690    0.9980 hc        1 UNK      0.108484 
     54 H22       147.6520   99.2870   -0.0400 hc        1 UNK      0.080484 
     55 H11       147.1610   97.0550   -0.6670 h1        1 UNK      0.099484 
     56 H51       143.7630   98.3260   -1.1210 h1        1 UNK      0.083484 
     57 H52       144.9000   97.4740   -2.1980 h1        1 UNK      0.066484 
     58 H223      143.3850   95.3480   -0.7100 hc        1 UNK      0.000000 
     59 C24       148.2580   95.1740    2.7370 c3        1 UNK      0.000000 
     60 H241      148.5770   94.1320    2.7270 h1        1 UNK      0.000000 
     61 H242      149.1240   95.8180    2.8890 h1        1 UNK      0.000000 
     62 H243      147.5440   95.3280    3.5460 h1        1 UNK      0.000000 
     63 H221      142.6260   95.1430    0.8990 hc        1 UNK      0.000000 
     64 H222      142.2320   96.5700   -0.1030 hc        1 UNK      0.000000 
     65 H232      148.4780   93.6920    0.7190 h1        1 UNK      0.000000 
     66 H233      147.5510   94.6440   -0.4760 h1        1 UNK      0.000000 
@<TRIPOS>BOND
     1    1   58 1   
     2    2    4 1   
     3    2    1 1   
     4    3    2 2   
     5    4    5 1   
     6    5   56 1   
     7    5   57 1   
     8    6    9 1   
     9    6    4 1   
    10    6   55 1   
    11    7    5 1   
    12    8    6 1   
    13    8   12 2   
    14    8   13 1   
    15    9    7 1   
    16    9   53 1   
    17    9   54 1   
    18   10    7 1   
    19   11   16 1   
    20   11    7 1   
    21   13   59 1   
    22   14   10 1   
    23   15   10 2   
    24   16   14 1   
    25   17   11 1   
    26   17   51 1   
    27   17   52 1   
    28   18   13 1   
    29   18   50 1   
    30   19   14 1   
    31   19   48 1   
    32   19   49 1   
    33   20   16 2   
    34   21   17 1   
    35   22   19 1   
    36   23   21 1   
    37   24   21 2   
    38   25   22 ar  
    39   25   47 1   
    40   26   29 ar  
    41   26   22 ar  
    42   26   46 1   
    43   27   23 1   
    44   28   25 ar  
    45   28   45 1   
    46   29   33 ar  
    47   29   44 1   
    48   30   27 1   
    49   30   41 1   
    50   30   42 1   
    51   30   43 1   
    52   31   27 1   
    53   31   38 1   
    54   31   39 1   
    55   31   40 1   
    56   32   27 1   
    57   32   35 1   
    58   32   36 1   
    59   32   37 1   
    60   33   28 ar  
    61   33   34 1   
    62   60   59 1   
    63   61   59 1   
    64   62   59 1   
    65   63    1 1   
    66   64    1 1   
    67   65   18 1   
    68   66   18 1   
@<TRIPOS>SUBSTRUCTURE
     1 UNK         1 TEMP              0 ****  ****    0 ROOT

>> parmchk -i EPR3.edited.mol2 -f mol2 -o EPR3.edited.mol2.frcmod -p $AMBERHOME/dat/leap/parm/gaff.dat
### THE leapscript ###
modsEPR3 = loadAmberParams EPR3.edited.mol2.frcmod
modsDLM = loadAmberParams dlm_edit.frcmod
source leaprc.ff99SB

EPR3 = loadMol2 EPR3.edited.mol2

# Delete N-terminal acetyl and C-terminal dimethyl amine group
remove EPR3 EPR3.1.2  # C21
remove EPR3 EPR3.1.3  # O5
remove EPR3 EPR3.1.1  # C22
remove EPR3 EPR3.1.63  # H221
remove EPR3 EPR3.1.64  # H222
remove EPR3 EPR3.1.58  # H223
remove EPR3 EPR3.1.13  # N3
remove EPR3 EPR3.1.18  # C23
remove EPR3 EPR3.1.50  # H231
remove EPR3 EPR3.1.65  # H232
remove EPR3 EPR3.1.66  # H233
remove EPR3 EPR3.1.59  # C24
remove EPR3 EPR3.1.60  # H241
remove EPR3 EPR3.1.61  # H242
remove EPR3 EPR3.1.62  # H243

# Should still be net neutral -- all removed atoms shoulve have had charge 0.0

set EPR3 name "EPR3"
set EPR3.1 name "EPR3"

# Define head atom
set EPR3 head EPR3.1.4
set EPR3.1 connect0 EPR3.1.4

# Define tail atom
set EPR3 tail EPR3.1.8
set EPR3.1 connect1 EPR3.1.8

savepdb EPR3 EPR3.pdb


# Make a list of info needed for the library
# This is necessary in order to make sure the parameter modifications are stored to the off file.
myresidue = { EPR3 modsEPR3 modsDLM }
saveoff myresidue EPR3.off

quit

### -------------- ###
-I: Adding /home/tud67309/local/amber11/dat/leap/prep to search path.
-I: Adding /home/tud67309/local/amber11/dat/leap/lib to search path.
-I: Adding /home/tud67309/local/amber11/dat/leap/parm to search path.
-I: Adding /home/tud67309/local/amber11/dat/leap/cmd to search path.
-f: Source /tmp/tmps3Wpim.

Welcome to LEaP!
(no leaprc in search path)
Sourcing: /tmp/tmps3Wpim
Loading parameters: ./EPR3.edited.mol2.frcmod
Reading force field modification type file (frcmod)
Reading title:
remark goes here
Loading parameters: ./dlm_edit.frcmod
Reading force field modification type file (frcmod)
Reading title:
remark goes here - Originally created by DLM, VAV edited to mix-n-match AMBER (uppercase) and GAFF (lowercase) atomtypes
No mass defined for non-bond atom type: CA - skipping
No mass defined for non-bond atom type: C - skipping
No mass defined for non-bond atom type: CT - skipping
No mass defined for non-bond atom type: O - skipping
No mass defined for non-bond atom type: HA - skipping
No mass defined for non-bond atom type: HC - skipping
----- Source: /home/tud67309/local/amber11/dat/leap/cmd/leaprc.ff99SB
----- Source of /home/tud67309/local/amber11/dat/leap/cmd/leaprc.ff99SB done
Log file: ./leap.log
Loading parameters: /home/tud67309/local/amber11/dat/leap/parm/parm99.dat
Reading title:
PARM99 for DNA,RNA,AA, organic molecules, TIP3P wat. Polariz.& LP incl.02/04/99
Loading parameters: /home/tud67309/local/amber11/dat/leap/parm/frcmod.ff99SB
Reading force field modification type file (frcmod)
Reading title:
Modification/update of parm99.dat (Hornak & Simmerling)
Loading library: /home/tud67309/local/amber11/dat/leap/lib/all_nucleic94.lib
Loading library: /home/tud67309/local/amber11/dat/leap/lib/all_amino94.lib
Loading library: /home/tud67309/local/amber11/dat/leap/lib/all_aminoct94.lib
Loading library: /home/tud67309/local/amber11/dat/leap/lib/all_aminont94.lib
Loading library: /home/tud67309/local/amber11/dat/leap/lib/ions94.lib
Loading library: /home/tud67309/local/amber11/dat/leap/lib/solvents.lib
Loading Mol2 file: ./EPR3.edited.mol2
Reading MOLECULE named NIL
Writing pdb file: EPR3.pdb
 Truncating residue name for PDB format: EPR3 -> EPR
 Creating EPR3.off
Building topology.
Building atom parameters.
	Quit
