            --------------------------------------------------------
                             AMBER SQM VERSION 1.4
 
                                     By
              Ross C. Walker, Michael F. Crowley, Scott Brozell,
                Tim Giese, Andreas W. Goetz and David A. Case
 
            --------------------------------------------------------
 

--------------------------------------------------------------------------------
  QM CALCULATION INFO
--------------------------------------------------------------------------------

| QMMM: Citation for AMBER QMMM Run:
| QMMM: R.C. Walker, M.F. Crowley and D.A. Case, J. COMP. CHEM. 29:1019, 2008

QMMM: SINGLET STATE CALCULATION
QMMM: RHF CALCULATION, NO. OF DOUBLY OCCUPIED LEVELS = 63

| QMMM: *** Selected Hamiltonian *** 
| QMMM: AM1         

| QMMM: *** Parameter sets in use ***
| QMMM: C : M.J.S.DEWAR et al. JACS, 107, 3902, (1985)
| QMMM: O : M.J.S.DEWAR et al. JACS, 107, 3902, (1985)
| QMMM: N : M.J.S.DEWAR et al. JACS, 107, 3902, (1985)
| QMMM: H : M.J.S.DEWAR et al. JACS, 107, 3902, (1985)

| QMMM: *** SCF convergence criteria ***
| QMMM: Energy change                :  0.1D-09 kcal/mol
| QMMM: Error matrix |FP-PF|         :  0.1D+00 au
| QMMM: Density matrix change        :  0.1D-09
| QMMM: Maximum number of SCF cycles :     1000

| QMMM: *** Diagonalization Routine Information ***
| QMMM: Pseudo diagonalizations are allowed.
| QMMM: Auto diagonalization routine selection is disabled.
| QMMM: Using internal diagonalization routine (diag_routine=1).

  QMMM: QM Region Cartesian Coordinates (*=link atom) 
  QMMM: QM_NO.   MM_NO.  ATOM         X         Y         Z
  QMMM:     1        1      C      123.4820   78.2810    0.9300
  QMMM:     2        2      C      122.8990   77.1910    0.0400
  QMMM:     3        3      O      121.9500   77.4080   -0.6860
  QMMM:     4        4      N      123.4490   75.9570    0.0870
  QMMM:     5        5      C      124.7490   75.5990    0.6700
  QMMM:     6        6      C      122.8470   74.7770   -0.5510
  QMMM:     7        7      C      125.1110   74.2010    0.1300
  QMMM:     8        8      C      121.8820   74.0580    0.3920
  QMMM:     9        9      C      124.0240   73.8540   -0.9050
  QMMM:    10       10      C      120.3560   73.4510   -1.5250
  QMMM:    11       11      C      126.5050   74.1590   -0.4530
  QMMM:    12       12      N      125.2640   73.1970    1.1730
  QMMM:    13       13      O      122.0540   74.0830    1.5970
  QMMM:    14       14      N      120.8910   73.2970   -0.1530
  QMMM:    15       15      N      127.2230   73.2380    0.2310
  QMMM:    16       16      O      126.9220   74.8370   -1.3720
  QMMM:    17       17      C      126.4920   72.6510    1.2080
  QMMM:    18       18      C      120.3360   72.1380    0.5720
  QMMM:    19       19      C      128.6330   72.9280   -0.0530
  QMMM:    20       20      O      126.8640   71.7940    1.9840
  QMMM:    21       21      C      128.8130   72.0720   -1.2960
  QMMM:    22       22      C      128.6150   70.5860   -1.2320
  QMMM:    23       23      C      129.9910   71.1490   -1.4170
  QMMM:    24       24      H      130.6810   71.0870   -0.5810
  QMMM:    25       25      H      130.4540   71.0450   -2.3940
  QMMM:    26       26      H        0.1470   70.1010   -2.0840
  QMMM:    27       27      H        0.3740   70.1430   -0.2700
  QMMM:    28       28      H      128.4950   72.5700   -2.2080
  QMMM:    29       29      H      129.0770   72.4210    0.8080
  QMMM:    30       30      H      129.1760   73.8640   -0.2180
  QMMM:    31       31      H        0.3190   71.9360    0.2380
  QMMM:    32       32      H        0.2990   72.3510    1.6430
  QMMM:    33       33      H        0.6700   72.6350   -1.7600
  QMMM:    34       34      H        0.1770   73.4120   -2.2450
  QMMM:    35       35      H      123.7460   72.7970   -0.8880
  QMMM:    36       36      H      124.3680   74.0990   -1.9130
  QMMM:    37       37      H      122.3310   75.0760   -1.4630
  QMMM:    38       38      H      124.6750   75.5970    1.7610
  QMMM:    39       39      H      125.4980   76.3320    0.3600
  QMMM:    40       40      H        0.0380   78.1360    1.9180
  QMMM:    41       41      H        0.5570   78.1560    1.0590
  QMMM:    42       42      H      124.5140   72.9420    1.7960
  QMMM:    43       43      H        0.2480   79.2710    0.5380
  QMMM:    44       44      H        0.8360   74.4050   -1.6120
  QMMM:    45       45      H        0.9600   71.2620    0.3950

--------------------------------------------------------------------------------
  RESULTS
--------------------------------------------------------------------------------


QMMM: ERROR!
QMMM: Unable to achieve self consistency to the tolerances specified
QMMM: No convergence in SCF after   1000 steps.
QMMM: E =  -0.6521E+06 DeltaE =   0.2992E+02 DeltaP =   0.5070E+00
QMMM: Smallest DeltaE =   0.1208E+00 DeltaP =   0.6740E+00 Step =    558

